<?xml version="1.0" encoding="UTF-8"?>
<!-- Generated by org.testng.reporters.JUnitXMLReporter -->
<testsuite hostname="DESKTOP-EIMGB4U" name="Default test" tests="7" failures="0" timestamp="10 Jan 2022 21:03:36 GMT" time="13.371" errors="0">
  <testcase name="pageTitleTest" time="0.042" classname="com.condos.ui.scenarios.ScenariosOnScreen"/>
  <testcase name="login" time="3.168" classname="com.condos.ui.scenarios.ScenariosOnScreen"/>
  <testcase name="searchLocation" time="1.156" classname="com.condos.ui.scenarios.ScenariosOnScreen"/>
  <testcase name="sortButtonSearchResults" time="3.194" classname="com.condos.ui.scenarios.ScenariosOnScreen"/>
  <testcase name="writePreviewToJson" time="0.236" classname="com.condos.ui.scenarios.ScenariosOnScreen"/>
  <testcase name="selectProperty" time="0.25" classname="com.condos.ui.scenarios.ScenariosOnScreen"/>
  <testcase name="writeDetailsToJson" time="1.698" classname="com.condos.ui.scenarios.ScenariosOnScreen"/>
</testsuite> <!-- Default test -->
